{"item": "voice amplifier", "user": 429, "date": "2023-10-01T06:28:35Z"}
{"item": "Bluetooth headphones", "user": 219, "date": "2023-10-01T06:28:35Z"}
{"item": "motherboard", "user": 465, "date": "2023-10-01T06:28:35Z"}
{"item": "smart ring", "user": 429, "date": "2023-10-01T06:28:35Z"}
{"item": "power strip", "user": 513, "date": "2023-10-01T06:28:35Z"}
{"item": "action camera", "user": 814, "date": "2023-10-01T06:28:35Z"}
{"item": "gaming mouse", "user": 788, "date": "2023-10-01T06:28:35Z"}
{"item": "Bluetooth headphones", "user": 538, "date": "2023-10-01T06:28:35Z"}
{"item": "Raspberry Pi", "user": 66, "date": "2023-10-01T06:28:35Z"}
{"item": "circuit board", "user": 936, "date": "2023-10-01T06:28:35Z"}
{"item": "USB microscope", "user": 682, "date": "2023-10-01T06:28:35Z"}
{"item": "RFID reader", "user": 874, "date": "2023-10-01T06:28:35Z"}
{"item": "GPS tracker", "user": 401, "date": "2023-10-01T06:28:35Z"}
{"item": "robotic arm", "user": 739, "date": "2023-10-01T06:28:35Z"}
{"item": "home theater projector", "user": 79, "date": "2023-10-01T06:28:35Z"}
{"item": "monitor", "user": 455, "date": "2023-10-01T06:28:35Z"}
{"item": "smart glasses", "user": 140, "date": "2023-10-01T06:28:35Z"}
{"item": "document camera", "user": 701, "date": "2023-10-01T06:28:35Z"}
{"item": "universal remote", "user": 181, "date": "2023-10-01T06:28:35Z"}
{"item": "walkie-talkie", "user": 140, "date": "2023-10-01T06:28:35Z"}
{"item": "webcam", "user": 911, "date": "2023-10-01T06:28:35Z"}
{"item": "microSD card", "user": 585, "date": "2023-10-01T06:28:35Z"}
{"item": "monitor", "user": 641, "date": "2023-10-01T06:28:35Z"}
{"item": "gaming headset", "user": 132, "date": "2023-10-01T06:28:35Z"}
{"item": "dual monitor stand", "user": 958, "date": "2023-10-01T06:28:35Z"}
{"item": "drone charger", "user": 896, "date": "2023-10-01T06:28:35Z"}
{"item": "USB microscope", "user": 66, "date": "2023-10-01T06:28:35Z"}
{"item": "RAM", "user": 145, "date": "2023-10-01T06:28:35Z"}
{"item": "graphing tablet", "user": 988, "date": "2023-10-01T06:28:35Z"}
{"item": "robotic toy", "user": 540, "date": "2023-10-01T06:28:35Z"}
{"item": "webcam", "user": 179, "date": "2023-10-01T06:28:35Z"}
{"item": "SIM card reader", "user": 375, "date": "2023-10-01T06:28:35Z"}
{"item": "robotic software", "user": 78, "date": "2023-10-01T06:28:35Z"}
{"item": "laptop", "user": 415, "date": "2023-10-01T06:28:35Z"}
{"item": "router", "user": 284, "date": "2023-10-01T06:28:35Z"}
{"item": "POS system", "user": 887, "date": "2023-10-01T06:28:35Z"}
{"item": "bluetooth speaker", "user": 372, "date": "2023-10-01T06:28:35Z"}
{"item": "scientific calculator", "user": 484, "date": "2023-10-01T06:28:35Z"}
{"item": "Arduino board", "user": 666, "date": "2023-10-01T06:28:35Z"}
{"item": "3D printer", "user": 59, "date": "2023-10-01T06:28:35Z"}
{"item": "robotic software", "user": 886, "date": "2023-10-01T06:28:35Z"}
{"item": "inkjet printer", "user": 472, "date": "2023-10-01T06:28:35Z"}
{"item": "smartwatch", "user": 951, "date": "2023-10-01T06:28:35Z"}
{"item": "headphones", "user": 942, "date": "2023-10-01T06:28:35Z"}
{"item": "Bluetooth headphones", "user": 756, "date": "2023-10-01T06:28:35Z"}
{"item": "digital photo frame", "user": 996, "date": "2023-10-01T06:28:35Z"}
{"item": "monitor", "user": 595, "date": "2023-10-01T06:28:35Z"}
{"item": "game controller", "user": 791, "date": "2023-10-01T06:28:35Z"}
{"item": "game controller", "user": 596, "date": "2023-10-01T06:28:35Z"}
{"item": "smartphone", "user": 671, "date": "2023-10-01T06:28:35Z"}
