{"item": "robot vacuum cleaner", "user": 262, "date": "2023-10-01T06:28:36Z"}
{"item": "wireless presenter", "user": 229, "date": "2023-10-01T06:28:36Z"}
{"item": "TV wall mount", "user": 63, "date": "2023-10-01T06:28:36Z"}
{"item": "robotic controller", "user": 72, "date": "2023-10-01T06:28:36Z"}
{"item": "CNC machine", "user": 725, "date": "2023-10-01T06:28:36Z"}
{"item": "smart bulb", "user": 362, "date": "2023-10-01T06:28:36Z"}
{"item": "external hard drive", "user": 661, "date": "2023-10-01T06:28:36Z"}
{"item": "Wacom tablet", "user": 808, "date": "2023-10-01T06:28:36Z"}
{"item": "thermal paste", "user": 733, "date": "2023-10-01T06:28:36Z"}
{"item": "wireless charger", "user": 365, "date": "2023-10-01T06:28:36Z"}
{"item": "robotic kit", "user": 196, "date": "2023-10-01T06:28:36Z"}
{"item": "robotic sensor", "user": 914, "date": "2023-10-01T06:28:36Z"}
{"item": "action camera", "user": 274, "date": "2023-10-01T06:28:36Z"}
{"item": "soldering iron", "user": 106, "date": "2023-10-01T06:28:36Z"}
{"item": "Arduino board", "user": 28, "date": "2023-10-01T06:28:36Z"}
{"item": "wireless charger", "user": 158, "date": "2023-10-01T06:28:36Z"}
{"item": "robotic arm", "user": 494, "date": "2023-10-01T06:28:36Z"}
{"item": "printer", "user": 638, "date": "2023-10-01T06:28:36Z"}
{"item": "Arduino board", "user": 136, "date": "2023-10-01T06:28:36Z"}
{"item": "VR treadmill", "user": 438, "date": "2023-10-01T06:28:36Z"}
{"item": "home theater projector", "user": 573, "date": "2023-10-01T06:28:36Z"}
{"item": "HDMI splitter", "user": 663, "date": "2023-10-01T06:28:36Z"}
{"item": "computer case", "user": 727, "date": "2023-10-01T06:28:36Z"}
{"item": "smart bulb", "user": 365, "date": "2023-10-01T06:28:36Z"}
{"item": "graphics card", "user": 698, "date": "2023-10-01T06:28:36Z"}
{"item": "wireless presenter", "user": 718, "date": "2023-10-01T06:28:36Z"}
{"item": "gaming console", "user": 112, "date": "2023-10-01T06:28:36Z"}
{"item": "walkie-talkie", "user": 642, "date": "2023-10-01T06:28:36Z"}
{"item": "robot lawn mower", "user": 403, "date": "2023-10-01T06:28:36Z"}
{"item": "game controller", "user": 793, "date": "2023-10-01T06:28:36Z"}
{"item": "cable tester", "user": 396, "date": "2023-10-01T06:28:36Z"}
{"item": "wireless earbuds", "user": 522, "date": "2023-10-01T06:28:36Z"}
{"item": "HDMI cable", "user": 187, "date": "2023-10-01T06:28:36Z"}
{"item": "smart belt", "user": 427, "date": "2023-10-01T06:28:36Z"}
{"item": "dual monitor stand", "user": 381, "date": "2023-10-01T06:28:36Z"}
{"item": "cable tester", "user": 993, "date": "2023-10-01T06:28:36Z"}
{"item": "circuit simulator", "user": 321, "date": "2023-10-01T06:28:36Z"}
{"item": "electronic scale", "user": 260, "date": "2023-10-01T06:28:36Z"}
{"item": "VR headset", "user": 593, "date": "2023-10-01T06:28:36Z"}
{"item": "wireless headphones", "user": 813, "date": "2023-10-01T06:28:36Z"}
{"item": "scientific calculator", "user": 53, "date": "2023-10-01T06:28:36Z"}
{"item": "smartphone", "user": 815, "date": "2023-10-01T06:28:36Z"}
{"item": "bluetooth speaker", "user": 921, "date": "2023-10-01T06:28:36Z"}
{"item": "thermal imaging camera", "user": 685, "date": "2023-10-01T06:28:36Z"}
{"item": "microcontroller", "user": 285, "date": "2023-10-01T06:28:36Z"}
{"item": "motion sensor", "user": 55, "date": "2023-10-01T06:28:36Z"}
{"item": "graphing tablet", "user": 223, "date": "2023-10-01T06:28:36Z"}
{"item": "robot lawn mower", "user": 134, "date": "2023-10-01T06:28:36Z"}
{"item": "signal oscilloscope", "user": 799, "date": "2023-10-01T06:28:36Z"}
{"item": "digital hygrometer", "user": 757, "date": "2023-10-01T06:28:36Z"}
