{"item": "signal generator", "user": 200, "date": "2023-10-01T06:28:36Z"}
{"item": "camera", "user": 720, "date": "2023-10-01T06:28:36Z"}
{"item": "smart plug", "user": 802, "date": "2023-10-01T06:28:36Z"}
{"item": "microSD card", "user": 902, "date": "2023-10-01T06:28:36Z"}
{"item": "external hard drive", "user": 156, "date": "2023-10-01T06:28:36Z"}
{"item": "wireless earbuds", "user": 68, "date": "2023-10-01T06:28:36Z"}
{"item": "laptop", "user": 521, "date": "2023-10-01T06:28:36Z"}
{"item": "3D printing pen", "user": 51, "date": "2023-10-01T06:28:36Z"}
{"item": "solar panel", "user": 34, "date": "2023-10-01T06:28:36Z"}
{"item": "virtual reality headset", "user": 256, "date": "2023-10-01T06:28:36Z"}
{"item": "barometric pressure sensor", "user": 816, "date": "2023-10-01T06:28:36Z"}
{"item": "LED sign", "user": 795, "date": "2023-10-01T06:28:36Z"}
{"item": "signal oscilloscope", "user": 333, "date": "2023-10-01T06:28:36Z"}
{"item": "wireless earbuds", "user": 356, "date": "2023-10-01T06:28:36Z"}
{"item": "computer processor", "user": 24, "date": "2023-10-01T06:28:36Z"}
{"item": "hard disk drive", "user": 495, "date": "2023-10-01T06:28:36Z"}
{"item": "external DVD drive", "user": 327, "date": "2023-10-01T06:28:36Z"}
{"item": "fitness tracker", "user": 441, "date": "2023-10-01T06:28:36Z"}
{"item": "robot arm", "user": 813, "date": "2023-10-01T06:28:36Z"}
{"item": "digital hygrometer", "user": 166, "date": "2023-10-01T06:28:36Z"}
{"item": "wireless mouse", "user": 715, "date": "2023-10-01T06:28:36Z"}
{"item": "smart glasses", "user": 490, "date": "2023-10-01T06:28:36Z"}
{"item": "inkjet printer", "user": 372, "date": "2023-10-01T06:28:36Z"}
{"item": "keyboard", "user": 35, "date": "2023-10-01T06:28:36Z"}
{"item": "soundbar", "user": 234, "date": "2023-10-01T06:28:36Z"}
{"item": "smart belt", "user": 566, "date": "2023-10-01T06:28:36Z"}
{"item": "drone charger", "user": 787, "date": "2023-10-01T06:28:36Z"}
{"item": "LED matrix display", "user": 641, "date": "2023-10-01T06:28:36Z"}
{"item": "wireless headphones", "user": 940, "date": "2023-10-01T06:28:36Z"}
{"item": "tablet", "user": 821, "date": "2023-10-01T06:28:36Z"}
{"item": "smart scale", "user": 324, "date": "2023-10-01T06:28:36Z"}
{"item": "robotic prosthetic", "user": 571, "date": "2023-10-01T06:28:36Z"}
{"item": "voice amplifier", "user": 298, "date": "2023-10-01T06:28:36Z"}
{"item": "robot vacuum", "user": 748, "date": "2023-10-01T06:28:36Z"}
{"item": "e-reader", "user": 116, "date": "2023-10-01T06:28:36Z"}
{"item": "circuit simulator", "user": 117, "date": "2023-10-01T06:28:36Z"}
{"item": "wireless mouse", "user": 938, "date": "2023-10-01T06:28:36Z"}
{"item": "robot arm", "user": 408, "date": "2023-10-01T06:28:36Z"}
{"item": "signal oscilloscope", "user": 765, "date": "2023-10-01T06:28:36Z"}
{"item": "graphing calculator", "user": 667, "date": "2023-10-01T06:28:36Z"}
{"item": "graphing calculator", "user": 971, "date": "2023-10-01T06:28:36Z"}
{"item": "portable SSD", "user": 632, "date": "2023-10-01T06:28:36Z"}
{"item": "monitor", "user": 573, "date": "2023-10-01T06:28:36Z"}
{"item": "smart plug", "user": 721, "date": "2023-10-01T06:28:36Z"}
{"item": "solid-state drive", "user": 797, "date": "2023-10-01T06:28:36Z"}
{"item": "power supply unit", "user": 115, "date": "2023-10-01T06:28:36Z"}
{"item": "wireless barcode scanner", "user": 472, "date": "2023-10-01T06:28:36Z"}
{"item": "USB microphone", "user": 500, "date": "2023-10-01T06:28:36Z"}
{"item": "hard disk drive", "user": 89, "date": "2023-10-01T06:28:36Z"}
{"item": "motion sensor", "user": 754, "date": "2023-10-01T06:28:36Z"}
