{"item": "circuit board", "user": 216, "date": "2023-10-01T06:28:35Z"}
{"item": "RFID tag", "user": 177, "date": "2023-10-01T06:28:35Z"}
{"item": "electronic scale", "user": 391, "date": "2023-10-01T06:28:35Z"}
{"item": "Bluetooth headphones", "user": 162, "date": "2023-10-01T06:28:35Z"}
{"item": "digital hygrometer", "user": 306, "date": "2023-10-01T06:28:35Z"}
{"item": "graphing tablet", "user": 559, "date": "2023-10-01T06:28:35Z"}
{"item": "USB hub", "user": 717, "date": "2023-10-01T06:28:35Z"}
{"item": "headphones", "user": 877, "date": "2023-10-01T06:28:35Z"}
{"item": "digital microscope", "user": 860, "date": "2023-10-01T06:28:35Z"}
{"item": "universal remote", "user": 457, "date": "2023-10-01T06:28:35Z"}
{"item": "smartphone", "user": 217, "date": "2023-10-01T06:28:35Z"}
{"item": "printer", "user": 447, "date": "2023-10-01T06:28:35Z"}
{"item": "Wearable fitness tracker", "user": 472, "date": "2023-10-01T06:28:35Z"}
{"item": "robotic exoskeleton", "user": 958, "date": "2023-10-01T06:28:35Z"}
{"item": "graphics card", "user": 784, "date": "2023-10-01T06:28:35Z"}
{"item": "home theater projector", "user": 496, "date": "2023-10-01T06:28:35Z"}
{"item": "robot vacuum", "user": 36, "date": "2023-10-01T06:28:35Z"}
{"item": "robot kit", "user": 82, "date": "2023-10-01T06:28:35Z"}
{"item": "graphics card", "user": 255, "date": "2023-10-01T06:28:35Z"}
{"item": "signal generator", "user": 770, "date": "2023-10-01T06:28:35Z"}
{"item": "router", "user": 274, "date": "2023-10-01T06:28:35Z"}
{"item": "GPS device", "user": 492, "date": "2023-10-01T06:28:35Z"}
{"item": "signal analyzer", "user": 651, "date": "2023-10-01T06:28:35Z"}
{"item": "gaming keyboard", "user": 277, "date": "2023-10-01T06:28:35Z"}
{"item": "computer case", "user": 310, "date": "2023-10-01T06:28:35Z"}
{"item": "microcontroller", "user": 792, "date": "2023-10-01T06:28:35Z"}
{"item": "smart doorbell", "user": 53, "date": "2023-10-01T06:28:35Z"}
{"item": "microcontroller", "user": 671, "date": "2023-10-01T06:28:35Z"}
{"item": "SIM card reader", "user": 714, "date": "2023-10-01T06:28:35Z"}
{"item": "laptop", "user": 69, "date": "2023-10-01T06:28:35Z"}
{"item": "wireless barcode scanner", "user": 293, "date": "2023-10-01T06:28:35Z"}
{"item": "smart glasses", "user": 711, "date": "2023-10-01T06:28:35Z"}
{"item": "inkjet printer", "user": 241, "date": "2023-10-01T06:28:35Z"}
{"item": "router", "user": 487, "date": "2023-10-01T06:28:35Z"}
{"item": "USB flash drive", "user": 243, "date": "2023-10-01T06:28:35Z"}
{"item": "router", "user": 745, "date": "2023-10-01T06:28:35Z"}
{"item": "wireless keyboard", "user": 212, "date": "2023-10-01T06:28:35Z"}
{"item": "robot vacuum cleaner", "user": 430, "date": "2023-10-01T06:28:35Z"}
{"item": "wireless microphone", "user": 612, "date": "2023-10-01T06:28:35Z"}
{"item": "video doorbell", "user": 453, "date": "2023-10-01T06:28:35Z"}
{"item": "game controller", "user": 906, "date": "2023-10-01T06:28:35Z"}
{"item": "hard disk drive", "user": 73, "date": "2023-10-01T06:28:35Z"}
{"item": "smart gloves", "user": 374, "date": "2023-10-01T06:28:35Z"}
{"item": "signal analyzer", "user": 342, "date": "2023-10-01T06:28:35Z"}
{"item": "game controller", "user": 975, "date": "2023-10-01T06:28:35Z"}
{"item": "wireless mouse", "user": 964, "date": "2023-10-01T06:28:35Z"}
{"item": "microcontroller", "user": 398, "date": "2023-10-01T06:28:35Z"}
{"item": "electronic scale", "user": 589, "date": "2023-10-01T06:28:35Z"}
{"item": "laptop", "user": 489, "date": "2023-10-01T06:28:35Z"}
{"item": "gaming headset", "user": 827, "date": "2023-10-01T06:28:35Z"}
